2018-10-24 15:26:19 INFO  LoginTest:19 - Website opened
2018-10-24 15:26:19 INFO  LoginTest:25 - User name entered
2018-10-24 15:26:19 INFO  LoginTest:31 - Password entered
2018-10-24 15:26:20 INFO  LoginTest:37 - Clicked on sign in button
2018-10-24 15:26:20 INFO  LoginTest:42 - Lunched user account
2018-10-24 15:26:33 INFO  LoginTest:19 - Website opened
2018-10-24 15:26:33 INFO  LoginTest:25 - User name entered
2018-10-24 15:26:33 INFO  LoginTest:31 - Password entered
2018-10-24 15:26:35 INFO  LoginTest:37 - Clicked on sign in button
2018-10-24 15:26:35 INFO  LoginTest:42 - Lunched user account
2018-10-24 15:26:48 INFO  LoginTest:19 - Website opened
2018-10-24 15:26:48 INFO  LoginTest:25 - User name entered
2018-10-24 15:26:48 INFO  LoginTest:31 - Password entered
2018-10-24 15:26:49 INFO  LoginTest:37 - Clicked on sign in button
2018-10-24 15:26:49 INFO  LoginTest:42 - Lunched user account
2018-10-24 15:27:02 INFO  LoginTest:19 - Website opened
2018-10-24 15:27:02 INFO  LoginTest:25 - User name entered
2018-10-24 15:27:02 INFO  LoginTest:31 - Password entered
2018-10-24 15:27:04 INFO  LoginTest:37 - Clicked on sign in button
2018-10-24 15:27:04 INFO  LoginTest:42 - Lunched user account
2018-10-24 15:27:17 INFO  LoginTest:19 - Website opened
2018-10-24 15:27:17 INFO  LoginTest:25 - User name entered
2018-10-24 15:27:18 INFO  LoginTest:31 - Password entered
2018-10-24 15:27:19 INFO  LoginTest:37 - Clicked on sign in button
2018-10-24 15:27:30 INFO  LoginTest:19 - Website opened
2018-10-24 15:27:30 INFO  LoginTest:25 - User name entered
2018-10-24 15:27:30 INFO  LoginTest:31 - Password entered
2018-10-24 15:27:31 INFO  LoginTest:37 - Clicked on sign in button
2018-10-24 15:27:42 INFO  LoginTest:19 - Website opened
2018-10-24 15:27:42 INFO  LoginTest:25 - User name entered
2018-10-24 15:27:42 INFO  LoginTest:31 - Password entered
2018-10-24 15:27:44 INFO  LoginTest:37 - Clicked on sign in button
2018-10-24 15:27:44 INFO  LoginTest:42 - Lunched user account
2018-10-24 15:27:55 INFO  LoginTest:19 - Website opened
2018-10-24 15:27:55 INFO  LoginTest:25 - User name entered
2018-10-24 15:27:55 INFO  LoginTest:31 - Password entered
2018-10-24 15:27:57 INFO  LoginTest:37 - Clicked on sign in button
2018-10-24 15:27:57 INFO  LoginTest:42 - Lunched user account
2018-10-24 15:29:13 INFO  LoginTest:19 - Website opened
2018-10-24 15:29:13 INFO  LoginTest:25 - User name entered
2018-10-24 15:29:13 INFO  LoginTest:31 - Password entered
2018-10-24 15:29:14 INFO  LoginTest:37 - Clicked on sign in button
2018-10-24 15:29:14 INFO  LoginTest:42 - Lunched user account
2018-10-31 19:31:43 INFO  LoginTest:19 - Website opened
2018-10-31 19:31:43 INFO  LoginTest:25 - User name entered
2018-10-31 19:31:43 INFO  LoginTest:31 - Password entered
2018-10-31 19:31:45 INFO  LoginTest:37 - Clicked on sign in button
2018-10-31 19:31:45 INFO  LoginTest:42 - Lunched user account
2018-10-31 19:32:00 INFO  LoginTest:19 - Website opened
2018-10-31 19:32:00 INFO  LoginTest:25 - User name entered
2018-10-31 19:32:00 INFO  LoginTest:31 - Password entered
2018-10-31 19:32:02 INFO  LoginTest:37 - Clicked on sign in button
2018-10-31 19:32:02 INFO  LoginTest:42 - Lunched user account
2018-10-31 19:32:16 INFO  LoginTest:19 - Website opened
2018-10-31 19:32:16 INFO  LoginTest:25 - User name entered
2018-10-31 19:32:16 INFO  LoginTest:31 - Password entered
2018-10-31 19:32:18 INFO  LoginTest:37 - Clicked on sign in button
2018-10-31 19:32:18 INFO  LoginTest:42 - Lunched user account
2018-10-31 19:32:33 INFO  LoginTest:19 - Website opened
2018-10-31 19:32:33 INFO  LoginTest:25 - User name entered
2018-10-31 19:32:33 INFO  LoginTest:31 - Password entered
2018-10-31 19:32:35 INFO  LoginTest:37 - Clicked on sign in button
2018-10-31 19:32:35 INFO  LoginTest:42 - Lunched user account
2018-10-31 19:32:50 INFO  LoginTest:19 - Website opened
2018-10-31 19:32:50 INFO  LoginTest:25 - User name entered
2018-10-31 19:32:50 INFO  LoginTest:31 - Password entered
2018-10-31 19:32:52 INFO  LoginTest:37 - Clicked on sign in button
2018-10-31 19:33:04 INFO  LoginTest:19 - Website opened
2018-10-31 19:33:04 INFO  LoginTest:25 - User name entered
2018-10-31 19:33:04 INFO  LoginTest:31 - Password entered
2018-10-31 19:33:06 INFO  LoginTest:37 - Clicked on sign in button
2018-10-31 19:33:18 INFO  LoginTest:19 - Website opened
2018-10-31 19:33:18 INFO  LoginTest:25 - User name entered
2018-10-31 19:33:18 INFO  LoginTest:31 - Password entered
2018-10-31 19:33:19 INFO  LoginTest:37 - Clicked on sign in button
2018-10-31 19:33:19 INFO  LoginTest:42 - Lunched user account
2018-10-31 19:33:31 INFO  LoginTest:19 - Website opened
2018-10-31 19:33:31 INFO  LoginTest:25 - User name entered
2018-10-31 19:33:31 INFO  LoginTest:31 - Password entered
2018-10-31 19:33:33 INFO  LoginTest:37 - Clicked on sign in button
2018-10-31 19:33:33 INFO  LoginTest:42 - Lunched user account
2018-10-31 19:34:59 INFO  LoginTest:19 - Website opened
2018-10-31 19:34:59 INFO  LoginTest:25 - User name entered
2018-10-31 19:35:00 INFO  LoginTest:31 - Password entered
2018-10-31 19:35:01 INFO  LoginTest:37 - Clicked on sign in button
2018-10-31 19:35:01 INFO  LoginTest:42 - Lunched user account
2018-10-31 19:43:21 INFO  LoginTest:19 - Website opened
2018-10-31 19:43:21 INFO  LoginTest:25 - User name entered
2018-10-31 19:43:21 INFO  LoginTest:31 - Password entered
2018-10-31 19:43:23 INFO  LoginTest:37 - Clicked on sign in button
2018-10-31 19:43:23 INFO  LoginTest:42 - Lunched user account
2018-10-31 19:43:38 INFO  LoginTest:19 - Website opened
2018-10-31 19:43:38 INFO  LoginTest:25 - User name entered
2018-10-31 19:43:38 INFO  LoginTest:31 - Password entered
2018-10-31 19:43:40 INFO  LoginTest:37 - Clicked on sign in button
2018-10-31 19:43:40 INFO  LoginTest:42 - Lunched user account
2018-10-31 19:43:54 INFO  LoginTest:19 - Website opened
2018-10-31 19:43:54 INFO  LoginTest:25 - User name entered
2018-10-31 19:43:54 INFO  LoginTest:31 - Password entered
2018-10-31 19:43:55 INFO  LoginTest:37 - Clicked on sign in button
2018-10-31 19:43:55 INFO  LoginTest:42 - Lunched user account
2018-10-31 19:44:10 INFO  LoginTest:19 - Website opened
2018-10-31 19:44:10 INFO  LoginTest:25 - User name entered
2018-10-31 19:44:10 INFO  LoginTest:31 - Password entered
2018-10-31 19:44:11 INFO  LoginTest:37 - Clicked on sign in button
2018-10-31 19:44:11 INFO  LoginTest:42 - Lunched user account
2018-10-31 19:44:26 INFO  LoginTest:19 - Website opened
2018-10-31 19:44:27 INFO  LoginTest:25 - User name entered
2018-10-31 19:44:27 INFO  LoginTest:31 - Password entered
2018-10-31 19:44:28 INFO  LoginTest:37 - Clicked on sign in button
2018-10-31 19:44:40 INFO  LoginTest:19 - Website opened
2018-10-31 19:44:40 INFO  LoginTest:25 - User name entered
2018-10-31 19:44:40 INFO  LoginTest:31 - Password entered
2018-10-31 19:44:41 INFO  LoginTest:37 - Clicked on sign in button
2018-10-31 19:44:54 INFO  LoginTest:19 - Website opened
2018-10-31 19:44:55 INFO  LoginTest:25 - User name entered
2018-10-31 19:44:55 INFO  LoginTest:31 - Password entered
2018-10-31 19:44:56 INFO  LoginTest:37 - Clicked on sign in button
2018-10-31 19:44:56 INFO  LoginTest:42 - Lunched user account
2018-10-31 19:45:08 INFO  LoginTest:19 - Website opened
2018-10-31 19:45:08 INFO  LoginTest:25 - User name entered
2018-10-31 19:45:08 INFO  LoginTest:31 - Password entered
2018-10-31 19:45:10 INFO  LoginTest:37 - Clicked on sign in button
2018-10-31 19:45:10 INFO  LoginTest:42 - Lunched user account
2018-10-31 19:46:31 INFO  LoginTest:19 - Website opened
2018-10-31 19:46:31 INFO  LoginTest:25 - User name entered
2018-10-31 19:46:31 INFO  LoginTest:31 - Password entered
2018-10-31 19:46:33 INFO  LoginTest:37 - Clicked on sign in button
2018-10-31 19:46:33 INFO  LoginTest:42 - Lunched user account
2018-12-04 23:48:37 INFO  LoginTest:19 - Website opened
2018-12-04 23:48:37 INFO  LoginTest:25 - User name entered
2018-12-04 23:48:37 INFO  LoginTest:31 - Password entered
2018-12-04 23:48:42 INFO  LoginTest:37 - Clicked on sign in button
2018-12-04 23:48:42 INFO  LoginTest:42 - Lunched user account
2018-12-04 23:48:59 INFO  LoginTest:19 - Website opened
2018-12-04 23:48:59 INFO  LoginTest:25 - User name entered
2018-12-04 23:48:59 INFO  LoginTest:31 - Password entered
2018-12-04 23:49:03 INFO  LoginTest:37 - Clicked on sign in button
2018-12-04 23:49:03 INFO  LoginTest:42 - Lunched user account
2018-12-05 21:36:27 INFO  LoginTest:19 - Website opened
2018-12-05 21:36:27 INFO  LoginTest:25 - User name entered
2018-12-05 21:36:27 INFO  LoginTest:31 - Password entered
2018-12-05 21:36:29 INFO  LoginTest:37 - Clicked on sign in button
2018-12-05 21:36:29 INFO  LoginTest:42 - Lunched user account
2018-12-11 12:33:22 INFO  LoginTest:19 - Website opened
2018-12-11 12:33:22 INFO  LoginTest:25 - User name entered
2018-12-11 12:33:22 INFO  LoginTest:31 - Password entered
2018-12-11 12:33:24 INFO  LoginTest:37 - Clicked on sign in button
2018-12-11 12:33:24 INFO  LoginTest:42 - Lunched user account
