2018-08-15 23:05:37 INFO  LoginTest:18 -Website opened
2018-08-15 23:05:37 INFO  LoginTest:24 -Website opened
2018-08-15 23:05:37 INFO  LoginTest:30 -Website opened
2018-08-15 23:17:43 INFO  LoginTest:18 -Website opened
2018-08-15 23:21:33 INFO  LoginTest:18 -Website opened
2018-08-15 23:23:04 INFO  LoginTest:18 -Website opened
2018-08-15 23:28:20 INFO  LoginTest:18 -Website opened
2018-08-15 23:29:25 INFO  LoginTest:18 -Website opened
2018-08-15 23:30:20 INFO  LoginTest:18 -Website opened
2018-08-15 23:30:37 INFO  LoginTest:18 -Website opened
2018-08-15 23:30:53 INFO  LoginTest:18 -Website opened
2018-08-15 23:31:09 INFO  LoginTest:18 -Website opened
2018-08-15 23:31:26 INFO  LoginTest:18 -Website opened
2018-08-15 23:31:39 INFO  LoginTest:18 -Website opened
2018-08-15 23:32:27 INFO  LoginTest:18 -Website opened
2018-08-15 23:35:22 INFO  LoginTest:18 -Website opened
2018-08-15 23:35:45 INFO  LoginTest:18 -Website opened
2018-08-15 23:36:02 INFO  LoginTest:18 -Website opened
2018-08-15 23:36:18 INFO  LoginTest:18 -Website opened
2018-08-15 23:36:34 INFO  LoginTest:18 -Website opened
2018-08-15 23:36:50 INFO  LoginTest:18 -Website opened
2018-08-15 23:37:03 INFO  LoginTest:18 -Website opened
2018-08-15 23:37:18 INFO  LoginTest:18 -Website opened
2018-08-15 23:38:05 INFO  LoginTest:18 -Website opened
2018-08-15 23:41:56 INFO  LoginTest:18 -Website opened
2018-08-15 23:47:21 INFO  LoginTest:18 -Website opened
2018-08-15 23:57:54 INFO  LoginTest:18 -Website opened
2018-08-16 00:11:53 INFO  LoginTest:18 -Website opened
2018-08-16 00:15:05 INFO  LoginTest:18 -Website opened
2018-08-16 01:05:44 INFO  LoginTest:18 -Website opened
2018-08-16 12:50:51 INFO  LoginTest:16 - Website opened
2018-08-16 12:50:52 INFO  LoginTest:22 - User name entered
2018-08-16 12:50:52 INFO  LoginTest:28 - Password entered
2018-08-16 12:50:54 INFO  LoginTest:34 - Clicked on sign in button
2018-08-16 12:50:54 INFO  LoginTest:39 - Lunched user account
